Wed Oct 30 00:27:35 EDT 2024
c38a-s9.ufhpc
/blue/ufdatastudios/ahmed.waseem

Starting Jupyter Notebook on port 23112 on the c38a-s9.ufhpc server.

SSH tunnel command:
	ssh -NL 23112:c38a-s9.ufhpc:23112 ahmed.waseem@hpg.rc.ufl.edu

Local browser URI:
	http://localhost:23112
[I 2024-10-30 00:27:42.324 ServerApp] jupyter_lsp | extension was successfully linked.
[I 2024-10-30 00:27:42.329 ServerApp] jupyter_server_terminals | extension was successfully linked.
[I 2024-10-30 00:27:42.334 ServerApp] jupyterlab | extension was successfully linked.
[I 2024-10-30 00:27:42.339 ServerApp] notebook | extension was successfully linked.
[I 2024-10-30 00:27:43.139 ServerApp] notebook_shim | extension was successfully linked.
[I 2024-10-30 00:27:43.207 ServerApp] notebook_shim | extension was successfully loaded.
[I 2024-10-30 00:27:43.209 ServerApp] jupyter_lsp | extension was successfully loaded.
[I 2024-10-30 00:27:43.210 ServerApp] jupyter_server_terminals | extension was successfully loaded.
[I 2024-10-30 00:27:43.230 LabApp] JupyterLab extension loaded from /blue/arthur.porto-biocosmos/ahmed.waseem/.conda/envs/ctc_seg/lib/python3.10/site-packages/jupyterlab
[I 2024-10-30 00:27:43.230 LabApp] JupyterLab application directory is /blue/arthur.porto-biocosmos/ahmed.waseem/.conda/envs/ctc_seg/share/jupyter/lab
[I 2024-10-30 00:27:43.231 LabApp] Extension Manager is 'pypi'.
[I 2024-10-30 00:27:43.244 ServerApp] jupyterlab | extension was successfully loaded.
[I 2024-10-30 00:27:43.251 ServerApp] notebook | extension was successfully loaded.
[I 2024-10-30 00:27:43.251 ServerApp] Serving notebooks from local directory: /blue/ufdatastudios/ahmed.waseem
[I 2024-10-30 00:27:43.251 ServerApp] Jupyter Server 2.14.2 is running at:
[I 2024-10-30 00:27:43.251 ServerApp] http://c38a-s9.ufhpc:23112/tree?token=2510ede035a48a50372346ca0dd8935cc3e658e6a8d80c18
[I 2024-10-30 00:27:43.251 ServerApp]     http://127.0.0.1:23112/tree?token=2510ede035a48a50372346ca0dd8935cc3e658e6a8d80c18
[I 2024-10-30 00:27:43.251 ServerApp] Use Control-C to stop this server and shut down all kernels (twice to skip confirmation).
[C 2024-10-30 00:27:43.259 ServerApp] 
    
    To access the server, open this file in a browser:
        file:///home/ahmed.waseem/.local/share/jupyter/runtime/jpserver-1369168-open.html
    Or copy and paste one of these URLs:
        http://c38a-s9.ufhpc:23112/tree?token=2510ede035a48a50372346ca0dd8935cc3e658e6a8d80c18
        http://127.0.0.1:23112/tree?token=2510ede035a48a50372346ca0dd8935cc3e658e6a8d80c18
[I 2024-10-30 00:27:43.298 ServerApp] Skipped non-installed server(s): bash-language-server, dockerfile-language-server-nodejs, javascript-typescript-langserver, jedi-language-server, julia-language-server, pyright, python-language-server, python-lsp-server, r-languageserver, sql-language-server, texlab, typescript-language-server, unified-language-server, vscode-css-languageserver-bin, vscode-html-languageserver-bin, vscode-json-languageserver-bin, yaml-language-server
[I 2024-10-30 00:28:29.315 ServerApp] 302 GET / (@172.16.206.47) 0.47ms
[I 2024-10-30 00:28:29.318 JupyterNotebookApp] 302 GET /tree? (@172.16.206.47) 0.49ms
[I 2024-10-30 00:28:30.041 ServerApp] 302 GET / (@172.16.206.47) 0.37ms
[I 2024-10-30 00:28:30.042 JupyterNotebookApp] 302 GET /tree? (@172.16.206.47) 0.41ms
[I 2024-10-30 00:28:44.518 ServerApp] 302 GET / (@172.16.206.47) 0.38ms
[I 2024-10-30 00:28:44.520 JupyterNotebookApp] 302 GET /tree? (@172.16.206.47) 0.40ms
[I 2024-10-30 00:28:44.691 ServerApp] Kernel started: 85ebfb1d-c303-48c2-81d3-25925ecb9aca
[I 2024-10-30 00:28:45.651 ServerApp] Connecting to kernel 85ebfb1d-c303-48c2-81d3-25925ecb9aca.
[I 2024-10-30 00:31:47.443 ServerApp] Kernel interrupted: 85ebfb1d-c303-48c2-81d3-25925ecb9aca
[I 2024-10-30 00:32:50.050 ServerApp] Kernel interrupted: 85ebfb1d-c303-48c2-81d3-25925ecb9aca
[I 2024-10-30 00:55:24.397 ServerApp] Kernel interrupted: 85ebfb1d-c303-48c2-81d3-25925ecb9aca
[I 2024-10-30 01:04:08.526 ServerApp] 302 GET / (@172.16.206.47) 0.54ms
[I 2024-10-30 01:04:08.556 JupyterNotebookApp] 302 GET /tree? (@172.16.206.47) 0.54ms
[I 2024-10-30 01:04:08.681 ServerApp] Kernel started: fcdf2faf-39ea-4940-bbe5-a29d795db1aa
[I 2024-10-30 01:04:09.425 ServerApp] Connecting to kernel fcdf2faf-39ea-4940-bbe5-a29d795db1aa.
