Mon Oct 28 21:33:16 EDT 2024
c0309a-s5.ufhpc
/blue/ufdatastudios/ahmed.waseem/ctc

Starting Jupyter Notebook on port 29580 on the c0309a-s5.ufhpc server.

SSH tunnel command:
	ssh -NL 29580:c0309a-s5.ufhpc:29580 ahmed.waseem@hpg.rc.ufl.edu

Local browser URI:
	http://localhost:29580
[I 2024-10-28 21:33:22.284 ServerApp] jupyter_lsp | extension was successfully linked.
[I 2024-10-28 21:33:22.289 ServerApp] jupyter_server_terminals | extension was successfully linked.
[I 2024-10-28 21:33:22.294 ServerApp] jupyterlab | extension was successfully linked.
[I 2024-10-28 21:33:22.299 ServerApp] notebook | extension was successfully linked.
[I 2024-10-28 21:33:23.041 ServerApp] notebook_shim | extension was successfully linked.
[I 2024-10-28 21:33:23.112 ServerApp] notebook_shim | extension was successfully loaded.
[I 2024-10-28 21:33:23.114 ServerApp] jupyter_lsp | extension was successfully loaded.
[I 2024-10-28 21:33:23.115 ServerApp] jupyter_server_terminals | extension was successfully loaded.
[I 2024-10-28 21:33:23.135 LabApp] JupyterLab extension loaded from /blue/arthur.porto-biocosmos/ahmed.waseem/.conda/envs/ctc_seg/lib/python3.10/site-packages/jupyterlab
[I 2024-10-28 21:33:23.135 LabApp] JupyterLab application directory is /blue/arthur.porto-biocosmos/ahmed.waseem/.conda/envs/ctc_seg/share/jupyter/lab
[I 2024-10-28 21:33:23.138 LabApp] Extension Manager is 'pypi'.
[I 2024-10-28 21:33:23.150 ServerApp] jupyterlab | extension was successfully loaded.
[I 2024-10-28 21:33:23.157 ServerApp] notebook | extension was successfully loaded.
[I 2024-10-28 21:33:23.157 ServerApp] Serving notebooks from local directory: /blue/ufdatastudios/ahmed.waseem/ctc
[I 2024-10-28 21:33:23.157 ServerApp] Jupyter Server 2.14.2 is running at:
[I 2024-10-28 21:33:23.157 ServerApp] http://c0309a-s5.ufhpc:29580/tree?token=614aaf0b2deb3d81c1ddff6346a0f004c99f4b5d1fee074a
[I 2024-10-28 21:33:23.157 ServerApp]     http://127.0.0.1:29580/tree?token=614aaf0b2deb3d81c1ddff6346a0f004c99f4b5d1fee074a
[I 2024-10-28 21:33:23.157 ServerApp] Use Control-C to stop this server and shut down all kernels (twice to skip confirmation).
[C 2024-10-28 21:33:23.172 ServerApp] 
    
    To access the server, open this file in a browser:
        file:///home/ahmed.waseem/.local/share/jupyter/runtime/jpserver-3963373-open.html
    Or copy and paste one of these URLs:
        http://c0309a-s5.ufhpc:29580/tree?token=614aaf0b2deb3d81c1ddff6346a0f004c99f4b5d1fee074a
        http://127.0.0.1:29580/tree?token=614aaf0b2deb3d81c1ddff6346a0f004c99f4b5d1fee074a
[I 2024-10-28 21:33:23.215 ServerApp] Skipped non-installed server(s): bash-language-server, dockerfile-language-server-nodejs, javascript-typescript-langserver, jedi-language-server, julia-language-server, pyright, python-language-server, python-lsp-server, r-languageserver, sql-language-server, texlab, typescript-language-server, unified-language-server, vscode-css-languageserver-bin, vscode-html-languageserver-bin, vscode-json-languageserver-bin, yaml-language-server
[I 2024-10-28 21:34:42.429 ServerApp] 302 GET / (@172.16.206.48) 0.43ms
[I 2024-10-28 21:34:42.431 JupyterNotebookApp] 302 GET /tree? (@172.16.206.48) 0.49ms
[I 2024-10-28 21:34:43.474 ServerApp] 302 GET / (@172.16.206.48) 0.36ms
[I 2024-10-28 21:34:43.476 JupyterNotebookApp] 302 GET /tree? (@172.16.206.48) 0.41ms
[I 2024-10-28 21:34:51.699 ServerApp] 302 GET / (@172.16.206.48) 0.36ms
[I 2024-10-28 21:34:51.703 JupyterNotebookApp] 302 GET /tree? (@172.16.206.48) 0.40ms
[I 2024-10-28 21:34:51.778 ServerApp] Kernel started: dba2b627-83ae-4be7-a40e-a17f63b53600
[I 2024-10-28 21:34:52.836 ServerApp] Connecting to kernel dba2b627-83ae-4be7-a40e-a17f63b53600.
slurmstepd: error: *** JOB 48810211 ON c0309a-s5 CANCELLED AT 2024-10-29T02:33:27 DUE TO TIME LIMIT ***
